<?xml version="1.0" encoding="UTF-8"?>
<!-- Generated by org.testng.reporters.JUnitReportReporter -->
<testsuite skipped="0" hostname="INGUEUCLP000666" name="testcase.VerifyLoginTest" tests="1" failures="0" timestamp="15 Jul 2019 13:41:59 GMT" time="24.280" errors="0">
  <testcase name="VerifyLogin" time="24.280" classname="testcase.VerifyLoginTest"/>
</testsuite> <!-- testcase.VerifyLoginTest -->
