<?xml version="1.0" encoding="UTF-8"?>
<!-- Generated by org.testng.reporters.JUnitReportReporter -->
<testsuite skipped="0" hostname="INGUEUCLP000666" name="regressionpack.testcase3" tests="1" failures="0" timestamp="27 Jul 2019 20:07:22 GMT" time="0.002" errors="0">
  <testcase name="XAGL3" time="0.002" classname="regressionpack.testcase3"/>
</testsuite> <!-- regressionpack.testcase3 -->
