<?xml version="1.0" encoding="UTF-8"?>
<!-- Generated by org.testng.reporters.JUnitReportReporter -->
<testsuite skipped="0" hostname="INGUEUCLP000666" name="handledropdown.WikipediaTotalLinks" tests="1" failures="0" timestamp="21 Jul 2019 08:37:35 GMT" time="4.944" errors="0">
  <testcase name="dropdownselection" time="4.944" classname="handledropdown.WikipediaTotalLinks"/>
</testsuite> <!-- handledropdown.WikipediaTotalLinks -->
