<?xml version="1.0" encoding="UTF-8"?>
<!-- Generated by org.testng.reporters.JUnitReportReporter -->
<testsuite skipped="0" hostname="INGUEUCLP000666" name="handledropdown.Guru99Demo2" tests="1" failures="0" timestamp="22 Jul 2019 17:20:23 GMT" time="27.775" errors="0">
  <testcase name="waytoAutomation" time="27.775" classname="handledropdown.Guru99Demo2"/>
</testsuite> <!-- handledropdown.Guru99Demo2 -->
