<?xml version="1.0" encoding="UTF-8"?>
<!-- Generated by org.testng.reporters.JUnitReportReporter -->
<testsuite skipped="0" hostname="INGUEUCLP000666" name="handledropdown.EbayDemo1" tests="1" failures="0" timestamp="22 Jul 2019 18:39:45 GMT" time="7.648" errors="0">
  <testcase name="waytoAutomation" time="7.648" classname="handledropdown.EbayDemo1"/>
</testsuite> <!-- handledropdown.EbayDemo1 -->
