<?xml version="1.0" encoding="UTF-8"?>
<!-- Generated by org.testng.reporters.JUnitReportReporter -->
<testsuite skipped="0" hostname="INGUEUCLP000666" name="handledropdown.DropDown" tests="1" failures="0" timestamp="17 Jul 2019 16:29:46 GMT" time="17.647" errors="0">
  <testcase name="dropdownselection" time="17.647" classname="handledropdown.DropDown"/>
</testsuite> <!-- handledropdown.DropDown -->
