<?xml version="1.0" encoding="UTF-8"?>
<!-- Generated by org.testng.reporters.JUnitReportReporter -->
<testsuite skipped="0" hostname="INGUEUCLP000666" name="com.sample.firstmavenproject.PropertyDemo2" tests="1" failures="0" timestamp="13 Jul 2019 20:54:46 GMT" time="5.008" errors="0">
  <testcase name="testChrome" time="5.008" classname="com.sample.firstmavenproject.PropertyDemo2"/>
</testsuite> <!-- com.sample.firstmavenproject.PropertyDemo2 -->
