<?xml version="1.0" encoding="UTF-8"?>
<!-- Generated by org.testng.reporters.JUnitReportReporter -->
<testsuite skipped="0" hostname="INGUEUCLP000666" name="handledropdown.RediffAlert" tests="1" failures="0" timestamp="23 Jul 2019 11:50:53 GMT" time="6.649" errors="0">
  <testcase name="dropdownselection" time="6.649" classname="handledropdown.RediffAlert"/>
</testsuite> <!-- handledropdown.RediffAlert -->
