<?xml version="1.0" encoding="UTF-8"?>
<!-- Generated by org.testng.reporters.JUnitReportReporter -->
<testsuite skipped="0" hostname="INGUEUCLP000666" name="handledropdown.Assignment2_1" tests="1" failures="0" timestamp="22 Jul 2019 12:05:43 GMT" time="16.543" errors="0">
  <testcase name="waytoAutomation" time="16.543" classname="handledropdown.Assignment2_1"/>
</testsuite> <!-- handledropdown.Assignment2_1 -->
