<?xml version="1.0" encoding="UTF-8"?>
<!-- Generated by org.testng.reporters.JUnitReportReporter -->
<testsuite skipped="0" hostname="INGUEUCLP000666" name="testcase.VerifyLoginTestwithPageFactory" tests="1" failures="0" timestamp="16 Jul 2019 08:34:13 GMT" time="10.039" errors="0">
  <testcase name="VerifyLogins" time="10.039" classname="testcase.VerifyLoginTestwithPageFactory"/>
</testsuite> <!-- testcase.VerifyLoginTestwithPageFactory -->
