<?xml version="1.0" encoding="UTF-8"?>
<!-- Generated by org.testng.reporters.JUnitReportReporter -->
<testsuite skipped="0" hostname="INGUEUCLP000666" name="handledropdown.Assignment2" tests="1" failures="0" timestamp="21 Jul 2019 20:03:05 GMT" time="12.684" errors="0">
  <testcase name="waytoAutomation" time="12.684" classname="handledropdown.Assignment2"/>
</testsuite> <!-- handledropdown.Assignment2 -->
