<?xml version="1.0" encoding="UTF-8"?>
<!-- Generated by org.testng.reporters.JUnitReportReporter -->
<testsuite skipped="0" hostname="INGUEUCLP000666" name="com.sample.firstmavenproject.PropertyDemo" tests="1" failures="0" timestamp="14 Jul 2019 10:55:17 GMT" time="5.230" errors="0">
  <testcase name="ReadProprtyFile" time="5.230" classname="com.sample.firstmavenproject.PropertyDemo"/>
</testsuite> <!-- com.sample.firstmavenproject.PropertyDemo -->
