<?xml version="1.0" encoding="UTF-8"?>
<!-- Generated by org.testng.reporters.JUnitReportReporter -->
<testsuite skipped="0" hostname="INGUEUCLP000666" name="handledropdown.AmazonDemo" tests="1" failures="0" timestamp="22 Jul 2019 18:54:39 GMT" time="6.189" errors="0">
  <testcase name="dropdownselection" time="6.189" classname="handledropdown.AmazonDemo"/>
</testsuite> <!-- handledropdown.AmazonDemo -->
