<?xml version="1.0" encoding="UTF-8"?>
<!-- Generated by org.testng.reporters.JUnitReportReporter -->
<testsuite skipped="0" hostname="INGUEUCLP000666" name="handledropdown.CaptureScreenshot" tests="1" failures="0" timestamp="24 Jul 2019 06:56:42 GMT" time="12.788" errors="0">
  <testcase name="captureScreenshot" time="12.788" classname="handledropdown.CaptureScreenshot"/>
</testsuite> <!-- handledropdown.CaptureScreenshot -->
