<?xml version="1.0" encoding="UTF-8"?>
<!-- Generated by org.testng.reporters.JUnitReportReporter -->
<testsuite skipped="0" hostname="INGUEUCLP000666" name="handledropdown.FlipkartDemo" tests="1" failures="0" timestamp="23 Jul 2019 11:00:33 GMT" time="22.896" errors="0">
  <testcase name="dropdownselection" time="22.896" classname="handledropdown.FlipkartDemo"/>
</testsuite> <!-- handledropdown.FlipkartDemo -->
