<?xml version="1.0" encoding="UTF-8"?>
<!-- Generated by org.testng.reporters.JUnitReportReporter -->
<testsuite skipped="0" hostname="INGUEUCLP000666" name="testngLearning.Group" tests="2" failures="0" timestamp="25 Jul 2019 07:47:37 GMT" time="0.011" errors="0">
  <testcase name="B" time="0.002" classname="testngLearning.Group"/>
  <testcase name="A" time="0.009" classname="testngLearning.Group"/>
</testsuite> <!-- testngLearning.Group -->
