<?xml version="1.0" encoding="UTF-8"?>
<!-- Generated by org.testng.reporters.JUnitReportReporter -->
<testsuite skipped="0" hostname="INGUEUCLP000666" name="handledropdown.NaukariWndows" tests="1" failures="0" timestamp="23 Jul 2019 17:42:55 GMT" time="12.946" errors="0">
  <testcase name="dropdownselection" time="12.946" classname="handledropdown.NaukariWndows"/>
</testsuite> <!-- handledropdown.NaukariWndows -->
