<?xml version="1.0" encoding="UTF-8"?>
<!-- Generated by org.testng.reporters.JUnitReportReporter -->
<testsuite skipped="0" hostname="INGUEUCLP000666" name="handledropdown.CheckBoxDemo" tests="1" failures="0" timestamp="21 Jul 2019 16:51:19 GMT" time="16.791" errors="0">
  <testcase name="checkboxselect" time="16.791" classname="handledropdown.CheckBoxDemo"/>
</testsuite> <!-- handledropdown.CheckBoxDemo -->
