<?xml version="1.0" encoding="UTF-8"?>
<!-- Generated by org.testng.reporters.JUnitReportReporter -->
<testsuite skipped="0" hostname="INGUEUCLP000666" name="handledropdown.TotalLinks" tests="1" failures="0" timestamp="19 Jul 2019 18:53:59 GMT" time="13.701" errors="0">
  <testcase name="dropdownselect" time="13.701" classname="handledropdown.TotalLinks"/>
</testsuite> <!-- handledropdown.TotalLinks -->
