<?xml version="1.0" encoding="UTF-8"?>
<!-- Generated by org.testng.reporters.JUnitReportReporter -->
<testsuite skipped="0" hostname="INGUEUCLP000666" name="sniffPack.testcase1" tests="1" failures="0" timestamp="25 Jul 2019 18:17:21 GMT" time="0.009" errors="0">
  <testcase name="login" time="0.009" classname="sniffPack.testcase1"/>
</testsuite> <!-- sniffPack.testcase1 -->
