<?xml version="1.0" encoding="UTF-8"?>
<!-- Generated by org.testng.reporters.JUnitReportReporter -->
<testsuite skipped="0" hostname="INGUEUCLP000666" name="handledropdown.EnterActionClass" tests="1" failures="0" timestamp="23 Jul 2019 10:28:58 GMT" time="14.115" errors="0">
  <testcase name="dropdownselection" time="14.115" classname="handledropdown.EnterActionClass"/>
</testsuite> <!-- handledropdown.EnterActionClass -->
