<?xml version="1.0" encoding="UTF-8"?>
<!-- Generated by org.testng.reporters.JUnitReportReporter -->
<testsuite skipped="0" hostname="INGUEUCLP000666" name="com.sample.firstmavenproject.ExcelDataProvider2" tests="2" failures="0" timestamp="13 Jul 2019 18:24:51 GMT" time="0.017" errors="0">
  <testcase name="test1" time="0.012" classname="com.sample.firstmavenproject.ExcelDataProvider2"/>
  <testcase name="test1" time="0.005" classname="com.sample.firstmavenproject.ExcelDataProvider2"/>
</testsuite> <!-- com.sample.firstmavenproject.ExcelDataProvider2 -->
