<?xml version="1.0" encoding="UTF-8"?>
<!-- Generated by org.testng.reporters.JUnitReportReporter -->
<testsuite skipped="1" hostname="INGUEUCLP000666" name="testngLearning.IgnoreTestNG" tests="4" failures="0" timestamp="25 Jul 2019 17:06:42 GMT" time="0.013" errors="0">
  <testcase name="testcase3" time="0.001" classname="testngLearning.IgnoreTestNG"/>
  <testcase name="testcase2" time="0.011" classname="testngLearning.IgnoreTestNG"/>
  <testcase name="testcase4" time="0.001" classname="testngLearning.IgnoreTestNG"/>
  <testcase name="testcase1" classname="testngLearning.IgnoreTestNG">
    <skipped/>
  </testcase> <!-- testcase1 -->
</testsuite> <!-- testngLearning.IgnoreTestNG -->
