<?xml version="1.0" encoding="UTF-8"?>
<!-- Generated by org.testng.reporters.JUnitReportReporter -->
<testsuite skipped="0" hostname="INGUEUCLP000666" name="handledropdown.Assignment1" tests="1" failures="0" timestamp="22 Jul 2019 17:47:34 GMT" time="19.215" errors="0">
  <testcase name="dropdownselection" time="19.215" classname="handledropdown.Assignment1"/>
</testsuite> <!-- handledropdown.Assignment1 -->
