<?xml version="1.0" encoding="UTF-8"?>
<!-- Generated by org.testng.reporters.JUnitReportReporter -->
<testsuite skipped="0" hostname="INGUEUCLP000666" name="testcase.VerifyLoginTest2" tests="1" failures="0" timestamp="15 Jul 2019 13:53:36 GMT" time="19.889" errors="0">
  <testcase name="VerifyLogin" time="19.889" classname="testcase.VerifyLoginTest2"/>
</testsuite> <!-- testcase.VerifyLoginTest2 -->
