<?xml version="1.0" encoding="UTF-8"?>
<!-- Generated by org.testng.reporters.JUnitReportReporter -->
<testsuite skipped="0" hostname="INGUEUCLP000666" name="handledropdown.CaptureScreenshot3" tests="1" failures="0" timestamp="24 Jul 2019 07:27:48 GMT" time="9.212" errors="0">
  <testcase name="captureScreenshot" time="9.212" classname="handledropdown.CaptureScreenshot3"/>
</testsuite> <!-- handledropdown.CaptureScreenshot3 -->
