<?xml version="1.0" encoding="UTF-8"?>
<!-- Generated by org.testng.reporters.JUnitReportReporter -->
<testsuite skipped="0" hostname="INGUEUCLP000666" name="handledropdown.ActionClassMouseHowerDemo" tests="1" failures="0" timestamp="23 Jul 2019 07:44:45 GMT" time="20.252" errors="0">
  <testcase name="dropdownselection" time="20.252" classname="handledropdown.ActionClassMouseHowerDemo"/>
</testsuite> <!-- handledropdown.ActionClassMouseHowerDemo -->
