<?xml version="1.0" encoding="UTF-8"?>
<!-- Generated by org.testng.reporters.JUnitReportReporter -->
<testsuite skipped="0" hostname="INGUEUCLP000666" name="sniffPack.testcase2" tests="1" failures="0" timestamp="25 Jul 2019 18:17:21 GMT" time="0.002" errors="0">
  <testcase name="DoSRMRegistration" time="0.002" classname="sniffPack.testcase2"/>
</testsuite> <!-- sniffPack.testcase2 -->
