<?xml version="1.0" encoding="UTF-8"?>
<!-- Generated by org.testng.reporters.JUnitReportReporter -->
<testsuite skipped="0" hostname="INGUEUCLP000666" name="regressionpack.testcase1" tests="1" failures="0" timestamp="27 Jul 2019 20:07:22 GMT" time="0.013" errors="0">
  <testcase name="login" time="0.013" classname="regressionpack.testcase1"/>
</testsuite> <!-- regressionpack.testcase1 -->
