<?xml version="1.0" encoding="UTF-8"?>
<!-- Generated by org.testng.reporters.JUnitReportReporter -->
<testsuite skipped="0" hostname="INGUEUCLP000666" name="testcase.DeveloperTestWithoutPageFacotry" tests="1" failures="0" timestamp="17 Jul 2019 17:38:05 GMT" time="11.268" errors="0">
  <testcase name="applyAsDeveloper" time="11.268" classname="testcase.DeveloperTestWithoutPageFacotry"/>
</testsuite> <!-- testcase.DeveloperTestWithoutPageFacotry -->
