<?xml version="1.0" encoding="UTF-8"?>
<!-- Generated by org.testng.reporters.JUnitReportReporter -->
<testsuite skipped="0" hostname="INGUEUCLP000666" name="sniffPack.testcase3" tests="1" failures="0" timestamp="25 Jul 2019 18:17:21 GMT" time="0.001" errors="0">
  <testcase name="XAGL3" time="0.001" classname="sniffPack.testcase3"/>
</testsuite> <!-- sniffPack.testcase3 -->
