<?xml version="1.0" encoding="UTF-8"?>
<!-- Generated by org.testng.reporters.JUnitReportReporter -->
<testsuite skipped="0" hostname="INGUEUCLP000666" name="handledropdown.CheckBoxDemo2" tests="1" failures="0" timestamp="21 Jul 2019 17:08:32 GMT" time="15.699" errors="0">
  <testcase name="checkboxselect" time="15.699" classname="handledropdown.CheckBoxDemo2"/>
</testsuite> <!-- handledropdown.CheckBoxDemo2 -->
