<?xml version="1.0" encoding="UTF-8"?>
<!-- Generated by org.testng.reporters.JUnitReportReporter -->
<testsuite skipped="0" hostname="INGUEUCLP000666" name="handledropdown.TestRightClick" tests="1" failures="0" timestamp="23 Jul 2019 13:47:47 GMT" time="18.162" errors="0">
  <testcase name="dropdownselection" time="18.162" classname="handledropdown.TestRightClick"/>
</testsuite> <!-- handledropdown.TestRightClick -->
