<?xml version="1.0" encoding="UTF-8"?>
<!-- Generated by org.testng.reporters.JUnitReportReporter -->
<testsuite skipped="0" hostname="INGUEUCLP000666" name="handledropdown.Guru99Demo" tests="1" failures="0" timestamp="22 Jul 2019 17:05:47 GMT" time="35.517" errors="0">
  <testcase name="waytoAutomation" time="35.517" classname="handledropdown.Guru99Demo"/>
</testsuite> <!-- handledropdown.Guru99Demo -->
