<?xml version="1.0" encoding="UTF-8"?>
<!-- Generated by org.testng.reporters.JUnitReportReporter -->
<testsuite skipped="0" hostname="INGUEUCLP000666" name="handledropdown.GoogleSearch" tests="1" failures="0" timestamp="18 Jul 2019 18:44:05 GMT" time="18.007" errors="0">
  <testcase name="dropdownselect" time="18.007" classname="handledropdown.GoogleSearch"/>
</testsuite> <!-- handledropdown.GoogleSearch -->
