<?xml version="1.0" encoding="UTF-8"?>
<!-- Generated by org.testng.reporters.JUnitReportReporter -->
<testsuite skipped="0" hostname="INGUEUCLP000666" name="handledropdown.CaptureScreenshot2" tests="1" failures="0" timestamp="24 Jul 2019 07:06:43 GMT" time="10.593" errors="0">
  <testcase name="captureScreenshot" time="10.593" classname="handledropdown.CaptureScreenshot2"/>
</testsuite> <!-- handledropdown.CaptureScreenshot2 -->
