<?xml version="1.0" encoding="UTF-8"?>
<!-- Generated by org.testng.reporters.JUnitReportReporter -->
<testsuite skipped="0" hostname="INGUEUCLP000666" name="handledropdown.TestNGMethods" tests="3" failures="0" timestamp="01 Aug 2019 06:18:22 GMT" time="0.019" errors="0">
  <testcase name="dologin" time="0.007" classname="handledropdown.TestNGMethods"/>
  <testcase name="userRegistration" time="0.006" classname="handledropdown.TestNGMethods"/>
  <testcase name="accountopen" time="0.006" classname="handledropdown.TestNGMethods"/>
</testsuite> <!-- handledropdown.TestNGMethods -->
